<?xml version="1.0" encoding="UTF-8"?>
<!-- Generated by org.testng.reporters.JUnitXMLReporter -->
<testsuite ignored="6" hostname="Haripriya" failures="0" tests="7" name="Test" time="165.724" errors="0" timestamp="2020-10-17T22:57:10 IST">
  <testcase classname="com.facebook.tests.SignupTest" name="invalidPasswordTest" time="23.432"/>
  <testcase classname="com.facebook.tests.SignupTest" name="oneNumberMultipleTimesTest" time="25.988"/>
  <testcase classname="com.facebook.tests.SignupTest" name="alreadyExistingAccountTest" time="12.294"/>
  <testcase classname="com.facebook.tests.LoginTest" name="verifyUserLogin" time="16.688"/>
  <testcase classname="com.facebook.tests.TimelineTest" name="checkAllPosts" time="30.388"/>
  <testcase classname="com.facebook.tests.FindFriendsTest" name="findFriendsTest" time="28.06"/>
  <testcase classname="com.facebook.tests.FindFriendsTest" name="findFriendsTest" time="27.81"/>
  <testcase classname="TestBase.BaseClass" name="@AfterTest tearDown" time="0.0">
    <ignored/>
  </testcase> <!-- @AfterTest tearDown -->
  <testcase classname="TestBase.BaseClass" name="@AfterTest tearDown" time="0.0">
    <ignored/>
  </testcase> <!-- @AfterTest tearDown -->
  <testcase classname="TestBase.BaseClass" name="@AfterTest tearDown" time="0.0">
    <ignored/>
  </testcase> <!-- @AfterTest tearDown -->
  <testcase classname="TestBase.BaseClass" name="@BeforeSuite setUp" time="0.0">
    <ignored/>
  </testcase> <!-- @BeforeSuite setUp -->
  <testcase classname="TestBase.BaseClass" name="@BeforeSuite setUp" time="0.0">
    <ignored/>
  </testcase> <!-- @BeforeSuite setUp -->
  <testcase classname="TestBase.BaseClass" name="@BeforeSuite setUp" time="0.0">
    <ignored/>
  </testcase> <!-- @BeforeSuite setUp -->
</testsuite> <!-- Test -->
